<?xml version="1.0" encoding="UTF-8"?>
<testng-results ignored="0" total="1" passed="0" failed="1" skipped="0">
  <reporter-output>
  </reporter-output>
  <suite started-at="2024-05-06T13:02:32 IST" name="Suite" finished-at="2024-05-06T13:02:59 IST" duration-ms="26352">
    <groups>
    </groups>
    <test started-at="2024-05-06T13:02:32 IST" name="Test" finished-at="2024-05-06T13:02:59 IST" duration-ms="26352">
      <class name="RWS.tests.AccessibilityTest">
        <test-method signature="Operable(java.lang.String,java.lang.String)[pri:0, instance:RWS.tests.AccessibilityTest@46d59067]" started-at="2024-05-06T13:02:32 IST" name="Operable" data-provider="getData" finished-at="2024-05-06T13:02:58 IST" duration-ms="26180" status="FAIL">
          <params>
            <param index="0">
              <value>
                <![CDATA[https://cpr.heart.org/en/course-catalog-search]]>
              </value>
            </param>
            <param index="1">
              <value>
                <![CDATA[HomePage]]>
              </value>
            </param>
          </params>
          <exception class="java.lang.AssertionError">
            <message>
              <![CDATA[expected [https://ahainstructornetwork.americanheart.org/AHAECC/classConnector.jsp?pid=ahaecc.classconnector.home&_ga=2.180895399.1894385880.1714980759-1759647741.1714980759&_gl=1*b5gbdu*_ga*MTc1OTY0Nzc0MS4xNzE0OTgwNzU5*_ga_QKRW9XMZP7*MTcxNDk4MDc1OS4xLjEuMTcxNDk4MDc2OC4wLjAuMA..] but found [https://atlas.heart.org/home]]]>
            </message>
            <full-stacktrace>
              <![CDATA[java.lang.AssertionError: expected [https://ahainstructornetwork.americanheart.org/AHAECC/classConnector.jsp?pid=ahaecc.classconnector.home&_ga=2.180895399.1894385880.1714980759-1759647741.1714980759&_gl=1*b5gbdu*_ga*MTc1OTY0Nzc0MS4xNzE0OTgwNzU5*_ga_QKRW9XMZP7*MTcxNDk4MDc1OS4xLjEuMTcxNDk4MDc2OC4wLjAuMA..] but found [https://atlas.heart.org/home]
at org.testng.Assert.fail(Assert.java:111)
at org.testng.Assert.failNotEquals(Assert.java:1578)
at org.testng.Assert.assertEqualsImpl(Assert.java:150)
at org.testng.Assert.assertEquals(Assert.java:132)
at org.testng.Assert.assertEquals(Assert.java:656)
at org.testng.Assert.assertEquals(Assert.java:666)
at RWS.PageObjects.LandingPage.linkNavigation(LandingPage.java:621)
at RWS.PageObjects.LandingPage.checkKeyboardFunctionality1(LandingPage.java:505)
at RWS.tests.AccessibilityTest.Operable(AccessibilityTest.java:40)
at java.base/jdk.internal.reflect.DirectMethodHandleAccessor.invoke(DirectMethodHandleAccessor.java:103)
at java.base/java.lang.reflect.Method.invoke(Method.java:580)
at org.testng.internal.invokers.MethodInvocationHelper.invokeMethod(MethodInvocationHelper.java:139)
at org.testng.internal.invokers.TestInvoker.invokeMethod(TestInvoker.java:664)
at org.testng.internal.invokers.TestInvoker.invokeTestMethod(TestInvoker.java:228)
at org.testng.internal.invokers.MethodRunner.runInSequence(MethodRunner.java:63)
at org.testng.internal.invokers.TestInvoker$MethodInvocationAgent.invoke(TestInvoker.java:961)
at org.testng.internal.invokers.TestInvoker.invokeTestMethods(TestInvoker.java:201)
at org.testng.internal.invokers.TestMethodWorker.invokeTestMethods(TestMethodWorker.java:148)
at org.testng.internal.invokers.TestMethodWorker.run(TestMethodWorker.java:128)
at java.base/java.util.ArrayList.forEach(ArrayList.java:1596)
at org.testng.TestRunner.privateRun(TestRunner.java:819)
at org.testng.TestRunner.run(TestRunner.java:619)
at org.testng.SuiteRunner.runTest(SuiteRunner.java:443)
at org.testng.SuiteRunner.runSequentially(SuiteRunner.java:437)
at org.testng.SuiteRunner.privateRun(SuiteRunner.java:397)
at org.testng.SuiteRunner.run(SuiteRunner.java:336)
at org.testng.SuiteRunnerWorker.runSuite(SuiteRunnerWorker.java:52)
at org.testng.SuiteRunnerWorker.run(SuiteRunnerWorker.java:95)
at org.testng.TestNG.runSuitesSequentially(TestNG.java:1301)
at org.testng.TestNG.runSuitesLocally(TestNG.java:1228)
at org.testng.TestNG.runSuites(TestNG.java:1134)
at org.testng.TestNG.run(TestNG.java:1101)
at org.testng.remote.AbstractRemoteTestNG.run(AbstractRemoteTestNG.java:115)
at org.testng.remote.RemoteTestNG.initAndRun(RemoteTestNG.java:251)
at org.testng.remote.RemoteTestNG.main(RemoteTestNG.java:77)
]]>
            </full-stacktrace>
          </exception> <!-- java.lang.AssertionError -->
          <reporter-output>
          </reporter-output>
        </test-method> <!-- Operable -->
        <test-method is-config="true" signature="closeBrowser()[pri:0, instance:RWS.tests.AccessibilityTest@46d59067]" started-at="2024-05-06T13:02:58 IST" name="closeBrowser" finished-at="2024-05-06T13:02:59 IST" duration-ms="135" status="PASS">
          <reporter-output>
          </reporter-output>
        </test-method> <!-- closeBrowser -->
      </class> <!-- RWS.tests.AccessibilityTest -->
    </test> <!-- Test -->
  </suite> <!-- Suite -->
</testng-results>
